Team Name: HU3HU3HU3

Student 1 Name: Arthur Borges de Oliveira Sousa
Student 1 Student Number: 1001880084
Student 1 Email: arthur.borgesdeoliveirasousa@mail.utoronto.ca

Student 2 Name: Vinicius Dantas de Lima Melo
Student 2 Student Number: 1001879880
Student 2 Email: vinicius.dantasdelimamelo@mail.utoronto.ca

creating thread 0
Thread 0 created
13275 1
20889 1
87101 1
22280 1
23483 1
24123 1
91095 1
26570 1
92358 1
92824 1
27345 1
28190 1
93795 1
29617 1
96004 1
96061 1
33014 1
34505 1
35707 1
36480 1
39800 1
40381 1
40754 1
42573 1
44168 1
44310 1
45087 1
47048 1
48419 1
49157 1
51054 1
52305 1
52808 1
52947 1
53078 1
54497 1
57123 1
57298 1
58523 1
58751 1
59431 1
59439 1
59895 1
61150 1
61769 1
63120 1
64435 1
64476 1
64856 1
